Collecting git+https://github.com/cheind/py-thin-plate-spline (from -r requirements.txt (line 4))
  Cloning https://github.com/cheind/py-thin-plate-spline to /tmp/pip-req-build-82vx7axw
Requirement already satisfied (use --upgrade to upgrade): thinplate==1.0.0 from git+https://github.com/cheind/py-thin-plate-spline in /home/adir.bruchim/.local/lib/python3.8/site-packages (from -r requirements.txt (line 4))
Requirement already satisfied: progressbar2 in /home/adir.bruchim/.local/lib/python3.8/site-packages (from -r requirements.txt (line 1)) (4.5.0)
Requirement already satisfied: gdown in /home/adir.bruchim/.local/lib/python3.8/site-packages (from -r requirements.txt (line 2)) (5.2.0)
Requirement already satisfied: gitpython in /home/adir.bruchim/.local/lib/python3.8/site-packages (from -r requirements.txt (line 3)) (3.1.45)
Requirement already satisfied: hickle in /home/adir.bruchim/.local/lib/python3.8/site-packages (from -r requirements.txt (line 5)) (5.0.3)
Requirement already satisfied: tensorboard in /home/adir.bruchim/.local/lib/python3.8/site-packages (from -r requirements.txt (line 6)) (2.14.0)
Requirement already satisfied: numpy in /home/adir.bruchim/.local/lib/python3.8/site-packages (from -r requirements.txt (line 7)) (1.24.4)
Requirement already satisfied: torch>=0.4.0 in /home/adir.bruchim/.local/lib/python3.8/site-packages (from thinplate==1.0.0->-r requirements.txt (line 4)) (2.4.1)
Requirement already satisfied: torchvision>=0.2.1 in /home/adir.bruchim/.local/lib/python3.8/site-packages (from thinplate==1.0.0->-r requirements.txt (line 4)) (0.19.1)
Requirement already satisfied: python-utils>=3.8.1 in /home/adir.bruchim/.local/lib/python3.8/site-packages (from progressbar2->-r requirements.txt (line 1)) (3.8.2)
Requirement already satisfied: beautifulsoup4 in /home/adir.bruchim/.local/lib/python3.8/site-packages (from gdown->-r requirements.txt (line 2)) (4.13.4)
Requirement already satisfied: tqdm in /home/adir.bruchim/.local/lib/python3.8/site-packages (from gdown->-r requirements.txt (line 2)) (4.67.1)
Requirement already satisfied: requests[socks] in /usr/lib/python3/dist-packages (from gdown->-r requirements.txt (line 2)) (2.22.0)
Requirement already satisfied: filelock in /home/adir.bruchim/.local/lib/python3.8/site-packages (from gdown->-r requirements.txt (line 2)) (3.16.1)
Requirement already satisfied: typing-extensions>=3.10.0.2; python_version < "3.10" in /home/adir.bruchim/.local/lib/python3.8/site-packages (from gitpython->-r requirements.txt (line 3)) (4.13.2)
Requirement already satisfied: gitdb<5,>=4.0.1 in /home/adir.bruchim/.local/lib/python3.8/site-packages (from gitpython->-r requirements.txt (line 3)) (4.0.12)
Requirement already satisfied: h5py>=2.10.0 in /home/adir.bruchim/.local/lib/python3.8/site-packages (from hickle->-r requirements.txt (line 5)) (3.11.0)
Requirement already satisfied: wheel>=0.26 in /usr/lib/python3/dist-packages (from tensorboard->-r requirements.txt (line 6)) (0.34.2)
Requirement already satisfied: google-auth<3,>=1.6.3 in /home/adir.bruchim/.local/lib/python3.8/site-packages (from tensorboard->-r requirements.txt (line 6)) (2.40.3)
Requirement already satisfied: markdown>=2.6.8 in /home/adir.bruchim/.local/lib/python3.8/site-packages (from tensorboard->-r requirements.txt (line 6)) (3.7)
Requirement already satisfied: werkzeug>=1.0.1 in /home/adir.bruchim/.local/lib/python3.8/site-packages (from tensorboard->-r requirements.txt (line 6)) (3.0.6)
Requirement already satisfied: protobuf>=3.19.6 in /home/adir.bruchim/.local/lib/python3.8/site-packages (from tensorboard->-r requirements.txt (line 6)) (5.29.5)
Requirement already satisfied: tensorboard-data-server<0.8.0,>=0.7.0 in /home/adir.bruchim/.local/lib/python3.8/site-packages (from tensorboard->-r requirements.txt (line 6)) (0.7.2)
Requirement already satisfied: google-auth-oauthlib<1.1,>=0.5 in /home/adir.bruchim/.local/lib/python3.8/site-packages (from tensorboard->-r requirements.txt (line 6)) (1.0.0)
Requirement already satisfied: setuptools>=41.0.0 in /usr/lib/python3/dist-packages (from tensorboard->-r requirements.txt (line 6)) (45.2.0)
Requirement already satisfied: absl-py>=0.4 in /home/adir.bruchim/.local/lib/python3.8/site-packages (from tensorboard->-r requirements.txt (line 6)) (2.3.1)
Requirement already satisfied: grpcio>=1.48.2 in /home/adir.bruchim/.local/lib/python3.8/site-packages (from tensorboard->-r requirements.txt (line 6)) (1.70.0)
Requirement already satisfied: nvidia-cufft-cu12==11.0.2.54; platform_system == "Linux" and platform_machine == "x86_64" in /home/adir.bruchim/.local/lib/python3.8/site-packages (from torch>=0.4.0->thinplate==1.0.0->-r requirements.txt (line 4)) (11.0.2.54)
Requirement already satisfied: nvidia-cusolver-cu12==11.4.5.107; platform_system == "Linux" and platform_machine == "x86_64" in /home/adir.bruchim/.local/lib/python3.8/site-packages (from torch>=0.4.0->thinplate==1.0.0->-r requirements.txt (line 4)) (11.4.5.107)
Requirement already satisfied: fsspec in /home/adir.bruchim/.local/lib/python3.8/site-packages (from torch>=0.4.0->thinplate==1.0.0->-r requirements.txt (line 4)) (2025.3.0)
Requirement already satisfied: triton==3.0.0; platform_system == "Linux" and platform_machine == "x86_64" and python_version < "3.13" in /home/adir.bruchim/.local/lib/python3.8/site-packages (from torch>=0.4.0->thinplate==1.0.0->-r requirements.txt (line 4)) (3.0.0)
Requirement already satisfied: nvidia-cusparse-cu12==12.1.0.106; platform_system == "Linux" and platform_machine == "x86_64" in /home/adir.bruchim/.local/lib/python3.8/site-packages (from torch>=0.4.0->thinplate==1.0.0->-r requirements.txt (line 4)) (12.1.0.106)
Requirement already satisfied: sympy in /home/adir.bruchim/.local/lib/python3.8/site-packages (from torch>=0.4.0->thinplate==1.0.0->-r requirements.txt (line 4)) (1.13.3)
Requirement already satisfied: nvidia-cuda-runtime-cu12==12.1.105; platform_system == "Linux" and platform_machine == "x86_64" in /home/adir.bruchim/.local/lib/python3.8/site-packages (from torch>=0.4.0->thinplate==1.0.0->-r requirements.txt (line 4)) (12.1.105)
Requirement already satisfied: networkx in /home/adir.bruchim/.local/lib/python3.8/site-packages (from torch>=0.4.0->thinplate==1.0.0->-r requirements.txt (line 4)) (3.1)
Requirement already satisfied: nvidia-nccl-cu12==2.20.5; platform_system == "Linux" and platform_machine == "x86_64" in /home/adir.bruchim/.local/lib/python3.8/site-packages (from torch>=0.4.0->thinplate==1.0.0->-r requirements.txt (line 4)) (2.20.5)
Requirement already satisfied: nvidia-nvtx-cu12==12.1.105; platform_system == "Linux" and platform_machine == "x86_64" in /home/adir.bruchim/.local/lib/python3.8/site-packages (from torch>=0.4.0->thinplate==1.0.0->-r requirements.txt (line 4)) (12.1.105)
Requirement already satisfied: nvidia-cublas-cu12==12.1.3.1; platform_system == "Linux" and platform_machine == "x86_64" in /home/adir.bruchim/.local/lib/python3.8/site-packages (from torch>=0.4.0->thinplate==1.0.0->-r requirements.txt (line 4)) (12.1.3.1)
Requirement already satisfied: nvidia-cudnn-cu12==9.1.0.70; platform_system == "Linux" and platform_machine == "x86_64" in /home/adir.bruchim/.local/lib/python3.8/site-packages (from torch>=0.4.0->thinplate==1.0.0->-r requirements.txt (line 4)) (9.1.0.70)
Requirement already satisfied: nvidia-cuda-cupti-cu12==12.1.105; platform_system == "Linux" and platform_machine == "x86_64" in /home/adir.bruchim/.local/lib/python3.8/site-packages (from torch>=0.4.0->thinplate==1.0.0->-r requirements.txt (line 4)) (12.1.105)
Requirement already satisfied: jinja2 in /usr/lib/python3/dist-packages (from torch>=0.4.0->thinplate==1.0.0->-r requirements.txt (line 4)) (2.10.1)
Requirement already satisfied: nvidia-cuda-nvrtc-cu12==12.1.105; platform_system == "Linux" and platform_machine == "x86_64" in /home/adir.bruchim/.local/lib/python3.8/site-packages (from torch>=0.4.0->thinplate==1.0.0->-r requirements.txt (line 4)) (12.1.105)
Requirement already satisfied: nvidia-curand-cu12==10.3.2.106; platform_system == "Linux" and platform_machine == "x86_64" in /home/adir.bruchim/.local/lib/python3.8/site-packages (from torch>=0.4.0->thinplate==1.0.0->-r requirements.txt (line 4)) (10.3.2.106)
Requirement already satisfied: pillow!=8.3.*,>=5.3.0 in /home/adir.bruchim/.local/lib/python3.8/site-packages (from torchvision>=0.2.1->thinplate==1.0.0->-r requirements.txt (line 4)) (10.4.0)
Requirement already satisfied: soupsieve>1.2 in /home/adir.bruchim/.local/lib/python3.8/site-packages (from beautifulsoup4->gdown->-r requirements.txt (line 2)) (2.7)
Requirement already satisfied: PySocks!=1.5.7,>=1.5.6 in /home/adir.bruchim/.local/lib/python3.8/site-packages (from requests[socks]->gdown->-r requirements.txt (line 2)) (1.7.1)
Requirement already satisfied: smmap<6,>=3.0.1 in /home/adir.bruchim/.local/lib/python3.8/site-packages (from gitdb<5,>=4.0.1->gitpython->-r requirements.txt (line 3)) (5.0.2)
Requirement already satisfied: pyasn1-modules>=0.2.1 in /usr/lib/python3/dist-packages (from google-auth<3,>=1.6.3->tensorboard->-r requirements.txt (line 6)) (0.2.1)
Requirement already satisfied: rsa<5,>=3.1.4 in /home/adir.bruchim/.local/lib/python3.8/site-packages (from google-auth<3,>=1.6.3->tensorboard->-r requirements.txt (line 6)) (4.9.1)
Requirement already satisfied: cachetools<6.0,>=2.0.0 in /home/adir.bruchim/.local/lib/python3.8/site-packages (from google-auth<3,>=1.6.3->tensorboard->-r requirements.txt (line 6)) (5.5.2)
Requirement already satisfied: importlib-metadata>=4.4; python_version < "3.10" in /home/adir.bruchim/.local/lib/python3.8/site-packages (from markdown>=2.6.8->tensorboard->-r requirements.txt (line 6)) (8.5.0)
Requirement already satisfied: MarkupSafe>=2.1.1 in /home/adir.bruchim/.local/lib/python3.8/site-packages (from werkzeug>=1.0.1->tensorboard->-r requirements.txt (line 6)) (2.1.5)
Requirement already satisfied: requests-oauthlib>=0.7.0 in /home/adir.bruchim/.local/lib/python3.8/site-packages (from google-auth-oauthlib<1.1,>=0.5->tensorboard->-r requirements.txt (line 6)) (2.0.0)
Requirement already satisfied: nvidia-nvjitlink-cu12 in /home/adir.bruchim/.local/lib/python3.8/site-packages (from nvidia-cusolver-cu12==11.4.5.107; platform_system == "Linux" and platform_machine == "x86_64"->torch>=0.4.0->thinplate==1.0.0->-r requirements.txt (line 4)) (12.9.86)
Requirement already satisfied: mpmath<1.4,>=1.1.0 in /home/adir.bruchim/.local/lib/python3.8/site-packages (from sympy->torch>=0.4.0->thinplate==1.0.0->-r requirements.txt (line 4)) (1.3.0)
Requirement already satisfied: pyasn1>=0.1.3 in /usr/lib/python3/dist-packages (from rsa<5,>=3.1.4->google-auth<3,>=1.6.3->tensorboard->-r requirements.txt (line 6)) (0.4.2)
Requirement already satisfied: zipp>=3.20 in /home/adir.bruchim/.local/lib/python3.8/site-packages (from importlib-metadata>=4.4; python_version < "3.10"->markdown>=2.6.8->tensorboard->-r requirements.txt (line 6)) (3.20.2)
Requirement already satisfied: oauthlib>=3.0.0 in /usr/lib/python3/dist-packages (from requests-oauthlib>=0.7.0->google-auth-oauthlib<1.1,>=0.5->tensorboard->-r requirements.txt (line 6)) (3.1.0)
Building wheels for collected packages: thinplate
  Building wheel for thinplate (setup.py): started
  Building wheel for thinplate (setup.py): finished with status 'done'
  Created wheel for thinplate: filename=thinplate-1.0.0-py3-none-any.whl size=6715 sha256=31177a44a9d292881c5fa891edd827f5e830bef505e1854f8a89b75ec809e95c
  Stored in directory: /tmp/pip-ephem-wheel-cache-7g30xmur/wheels/6f/e1/9f/aba4f30d4acad9b93834d7f0b520a61d49996f23703f78a058
Successfully built thinplate
save_all is forced to be true in generic evaluation mode.
Hyperparameters read from the model weights: C^k=64, C^v=512, C^h=64
Single object mode: False
Total processing time: 233.82559002685508
Total processed frames: 1464
FPS: 6.26107689852021
Max allocated memory (MB): 1553.21533203125
