2025-11-23 22:17:57,583 - INFO - Using device: cuda:0
/home/eyal.amdur/US_Project/.venv/lib/python3.12/site-packages/torch/cuda/__init__.py:283: UserWarning: 
    Found GPU2 NVIDIA GeForce GTX 1080 Ti which is of cuda capability 6.1.
    Minimum and Maximum cuda capability supported by this version of PyTorch is
    (7.0) - (12.0)
    
  warnings.warn(
/home/eyal.amdur/US_Project/.venv/lib/python3.12/site-packages/torch/cuda/__init__.py:304: UserWarning: 
    Please install PyTorch with a following CUDA
    configurations:  12.6 following instructions at
    https://pytorch.org/get-started/locally/
    
  warnings.warn(matched_cuda_warn.format(matched_arches))
/home/eyal.amdur/US_Project/.venv/lib/python3.12/site-packages/torch/cuda/__init__.py:326: UserWarning: 
NVIDIA GeForce GTX 1080 Ti with CUDA capability sm_61 is not compatible with the current PyTorch installation.
The current PyTorch install supports CUDA capabilities sm_70 sm_75 sm_80 sm_86 sm_90 sm_100 sm_120.
If you want to use the NVIDIA GeForce GTX 1080 Ti GPU with PyTorch, please check the instructions at https://pytorch.org/get-started/locally/

  warnings.warn(
2025-11-23 22:17:58,471 - INFO - Successfully loaded model weights from: best_unet.pth
2025-11-23 22:17:58,507 - INFO - Attempting to load real frame from /home/eyal.amdur/US_Project/temp_frames/raw/recordings_20_enrollment01_multi_playing01/frame_000000.png
2025-11-23 22:17:58,510 - INFO - Loaded real frame of shape torch.Size([1, 1, 240, 240])
2025-11-23 22:17:58,511 - INFO - Starting inference...
2025-11-23 22:17:58,807 - INFO - Inference complete. Converting prediction to color mask.
2025-11-23 22:17:58,815 - INFO - 
--- SUCCESS ---
Predicted color mask saved to: /home/eyal.amdur/US_Project/inference_output/predicted_mask.png
